# JRE version: Java(TM) SE Runtime Environment (8.0_101-b13) (build 1.8.0_101-b13)
# Java VM: Java HotSpot(TM) 64-Bit Server VM (25.101-b13 mixed mode windows-amd64 compressed oops)
Heap:
 PSYoungGen      total 32768K, used 7668K [0x00000000e0400000, 0x00000000e2c00000, 0x0000000100000000)
  eden space 24576K, 14% used [0x00000000e0400000,0x00000000e07961e8,0x00000000e1c00000)
  from space 8192K, 48% used [0x00000000e1c00000,0x00000000e1fe7130,0x00000000e2400000)
  to   space 8192K, 0% used [0x00000000e2400000,0x00000000e2400000,0x00000000e2c00000)
 ParOldGen       total 58880K, used 12454K [0x00000000a0c00000, 0x00000000a4580000, 0x00000000e0400000)
  object space 58880K, 21% used [0x00000000a0c00000,0x00000000a1829898,0x00000000a4580000)
 Metaspace       used 21156K, capacity 21900K, committed 22016K, reserved 1069056K
  class space    used 2874K, capacity 3043K, committed 3072K, reserved 1048576K
GC Heap History (10 events):
Event: 482.348 GC heap before
{Heap before GC invocations=6 (full 1):
 PSYoungGen      total 28672K, used 28508K [0x00000000e0400000, 0x00000000e2880000, 0x0000000100000000)
  eden space 24576K, 100% used [0x00000000e0400000,0x00000000e1c00000,0x00000000e1c00000)
  from space 4096K, 96% used [0x00000000e2000000,0x00000000e23d7130,0x00000000e2400000)
  to   space 4096K, 0% used [0x00000000e1c00000,0x00000000e1c00000,0x00000000e2000000)
 ParOldGen       total 58880K, used 12438K [0x00000000a0c00000, 0x00000000a4580000, 0x00000000e0400000)
  object space 58880K, 21% used [0x00000000a0c00000,0x00000000a1825898,0x00000000a4580000)
 Metaspace       used 21148K, capacity 21882K, committed 22016K, reserved 1069056K
  class space    used 2872K, capacity 3040K, committed 3072K, reserved 1048576K
Event: 482.355 GC heap after
Heap after GC invocations=6 (full 1):
 PSYoungGen      total 28672K, used 3996K [0x00000000e0400000, 0x00000000e2e00000, 0x0000000100000000)
  eden space 24576K, 0% used [0x00000000e0400000,0x00000000e0400000,0x00000000e1c00000)
  from space 4096K, 97% used [0x00000000e1c00000,0x00000000e1fe7130,0x00000000e2000000)
  to   space 9216K, 0% used [0x00000000e2500000,0x00000000e2500000,0x00000000e2e00000)
 ParOldGen       total 58880K, used 12446K [0x00000000a0c00000, 0x00000000a4580000, 0x00000000e0400000)
  object space 58880K, 21% used [0x00000000a0c00000,0x00000000a1827898,0x00000000a4580000)
 Metaspace       used 21148K, capacity 21882K, committed 22016K, reserved 1069056K
  class space    used 2872K, capacity 3040K, committed 3072K, reserved 1048576K
}
Event: 799.834 GC heap before
{Heap before GC invocations=7 (full 1):
 PSYoungGen      total 28672K, used 28572K [0x00000000e0400000, 0x00000000e2e00000, 0x0000000100000000)
  eden space 24576K, 100% used [0x00000000e0400000,0x00000000e1c00000,0x00000000e1c00000)
  from space 4096K, 97% used [0x00000000e1c00000,0x00000000e1fe7130,0x00000000e2000000)
  to   space 9216K, 0% used [0x00000000e2500000,0x00000000e2500000,0x00000000e2e00000)
 ParOldGen       total 58880K, used 12446K [0x00000000a0c00000, 0x00000000a4580000, 0x00000000e0400000)
  object space 58880K, 21% used [0x00000000a0c00000,0x00000000a1827898,0x00000000a4580000)
 Metaspace       used 21148K, capacity 21882K, committed 22016K, reserved 1069056K
  class space    used 2872K, capacity 3040K, committed 3072K, reserved 1048576K
Event: 799.842 GC heap after
Heap after GC invocations=7 (full 1):
 PSYoungGen      total 32768K, used 3996K [0x00000000e0400000, 0x00000000e2d00000, 0x0000000100000000)
  eden space 24576K, 0% used [0x00000000e0400000,0x00000000e0400000,0x00000000e1c00000)
  from space 8192K, 48% used [0x00000000e2500000,0x00000000e28e7130,0x00000000e2d00000)
  to   space 8704K, 0% used [0x00000000e1c00000,0x00000000e1c00000,0x00000000e2480000)
 ParOldGen       total 58880K, used 12446K [0x00000000a0c00000, 0x00000000a4580000, 0x00000000e0400000)
  object space 58880K, 21% used [0x00000000a0c00000,0x00000000a1827898,0x00000000a4580000)
 Metaspace       used 21148K, capacity 21882K, committed 22016K, reserved 1069056K
  class space    used 2872K, capacity 3040K, committed 3072K, reserved 1048576K
}
Event: 1124.727 GC heap before
{Heap before GC invocations=8 (full 1):
 PSYoungGen      total 32768K, used 28572K [0x00000000e0400000, 0x00000000e2d00000, 0x0000000100000000)
  eden space 24576K, 100% used [0x00000000e0400000,0x00000000e1c00000,0x00000000e1c00000)
  from space 8192K, 48% used [0x00000000e2500000,0x00000000e28e7130,0x00000000e2d00000)
  to   space 8704K, 0% used [0x00000000e1c00000,0x00000000e1c00000,0x00000000e2480000)
 ParOldGen       total 58880K, used 12446K [0x00000000a0c00000, 0x00000000a4580000, 0x00000000e0400000)
  object space 58880K, 21% used [0x00000000a0c00000,0x00000000a1827898,0x00000000a4580000)
 Metaspace       used 21148K, capacity 21882K, committed 22016K, reserved 1069056K
  class space    used 2872K, capacity 3040K, committed 3072K, reserved 1048576K
Event: 1124.734 GC heap after
Heap after GC invocations=8 (full 1):
 PSYoungGen      total 33280K, used 3996K [0x00000000e0400000, 0x00000000e2d00000, 0x0000000100000000)
  eden space 24576K, 0% used [0x00000000e0400000,0x00000000e0400000,0x00000000e1c00000)
  from space 8704K, 45% used [0x00000000e1c00000,0x00000000e1fe7130,0x00000000e2480000)
  to   space 8704K, 0% used [0x00000000e2480000,0x00000000e2480000,0x00000000e2d00000)
 ParOldGen       total 58880K, used 12454K [0x00000000a0c00000, 0x00000000a4580000, 0x00000000e0400000)
  object space 58880K, 21% used [0x00000000a0c00000,0x00000000a1829898,0x00000000a4580000)
 Metaspace       used 21148K, capacity 21882K, committed 22016K, reserved 1069056K
  class space    used 2872K, capacity 3040K, committed 3072K, reserved 1048576K
}
Event: 1450.855 GC heap before
{Heap before GC invocations=9 (full 1):
 PSYoungGen      total 33280K, used 28572K [0x00000000e0400000, 0x00000000e2d00000, 0x0000000100000000)
  eden space 24576K, 100% used [0x00000000e0400000,0x00000000e1c00000,0x00000000e1c00000)
  from space 8704K, 45% used [0x00000000e1c00000,0x00000000e1fe7130,0x00000000e2480000)
  to   space 8704K, 0% used [0x00000000e2480000,0x00000000e2480000,0x00000000e2d00000)
 ParOldGen       total 58880K, used 12454K [0x00000000a0c00000, 0x00000000a4580000, 0x00000000e0400000)
  object space 58880K, 21% used [0x00000000a0c00000,0x00000000a1829898,0x00000000a4580000)
 Metaspace       used 21148K, capacity 21882K, committed 22016K, reserved 1069056K
  class space    used 2872K, capacity 3040K, committed 3072K, reserved 1048576K
Event: 1450.862 GC heap after
Heap after GC invocations=9 (full 1):
 PSYoungGen      total 32256K, used 3964K [0x00000000e0400000, 0x00000000e2c00000, 0x0000000100000000)
  eden space 24576K, 0% used [0x00000000e0400000,0x00000000e0400000,0x00000000e1c00000)
  from space 7680K, 51% used [0x00000000e2480000,0x00000000e285f130,0x00000000e2c00000)
  to   space 8192K, 0% used [0x00000000e1c00000,0x00000000e1c00000,0x00000000e2400000)
 ParOldGen       total 58880K, used 12454K [0x00000000a0c00000, 0x00000000a4580000, 0x00000000e0400000)
  object space 58880K, 21% used [0x00000000a0c00000,0x00000000a1829898,0x00000000a4580000)
 Metaspace       used 21148K, capacity 21882K, committed 22016K, reserved 1069056K
  class space    used 2872K, capacity 3040K, committed 3072K, reserved 1048576K
}
Event: 1775.191 GC heap before
{Heap before GC invocations=10 (full 1):
 PSYoungGen      total 32256K, used 28540K [0x00000000e0400000, 0x00000000e2c00000, 0x0000000100000000)
  eden space 24576K, 100% used [0x00000000e0400000,0x00000000e1c00000,0x00000000e1c00000)
  from space 7680K, 51% used [0x00000000e2480000,0x00000000e285f130,0x00000000e2c00000)
  to   space 8192K, 0% used [0x00000000e1c00000,0x00000000e1c00000,0x00000000e2400000)
 ParOldGen       total 58880K, used 12454K [0x00000000a0c00000, 0x00000000a4580000, 0x00000000e0400000)
  object space 58880K, 21% used [0x00000000a0c00000,0x00000000a1829898,0x00000000a4580000)
 Metaspace       used 21149K, capacity 21882K, committed 22016K, reserved 1069056K
  class space    used 2872K, capacity 3040K, committed 3072K, reserved 1048576K
Event: 1775.197 GC heap after
Heap after GC invocations=10 (full 1):
 PSYoungGen      total 32768K, used 3996K [0x00000000e0400000, 0x00000000e2c00000, 0x0000000100000000)
  eden space 24576K, 0% used [0x00000000e0400000,0x00000000e0400000,0x00000000e1c00000)
  from space 8192K, 48% used [0x00000000e1c00000,0x00000000e1fe7130,0x00000000e2400000)
  to   space 8192K, 0% used [0x00000000e2400000,0x00000000e2400000,0x00000000e2c00000)
 ParOldGen       total 58880K, used 12454K [0x00000000a0c00000, 0x00000000a4580000, 0x00000000e0400000)
  object space 58880K, 21% used [0x00000000a0c00000,0x00000000a1829898,0x00000000a4580000)
 Metaspace       used 21149K, capacity 21882K, committed 22016K, reserved 1069056K
  class space    used 2872K, capacity 3040K, committed 3072K, reserved 1048576K
}

